0 info it worked if it ends with ok
1 verbose cli [ 'C:\\Program Files (x86)\\nodejs\\node.exe',
1 verbose cli   'C:\\Program Files (x86)\\nodejs\\node_modules\\npm\\bin\\npm-cli.js',
1 verbose cli   'install' ]
2 info using npm@3.8.6
3 info using node@v5.12.0
4 silly loadCurrentTree Starting
5 silly install loadCurrentTree
6 silly install readLocalPackageData
7 silly rollbackFailedOptional Starting
8 silly rollbackFailedOptional Finishing
9 silly runTopLevelLifecycles Starting
10 silly runTopLevelLifecycles Finishing
11 silly install printInstalled
12 verbose stack Error: ENOENT: no such file or directory, stat 'G:\mywork\shop\weixin\node_modules\abbrev'
12 verbose stack     at Error (native)
13 verbose cwd G:\mywork\shop\weixin
14 error Windows_NT 6.1.7601
15 error argv "C:\\Program Files (x86)\\nodejs\\node.exe" "C:\\Program Files (x86)\\nodejs\\node_modules\\npm\\bin\\npm-cli.js" "install"
16 error node v5.12.0
17 error npm  v3.8.6
18 error path G:\mywork\shop\weixin\node_modules\abbrev
19 error code ENOENT
20 error errno -4058
21 error syscall stat
22 error enoent ENOENT: no such file or directory, stat 'G:\mywork\shop\weixin\node_modules\abbrev'
23 error enoent ENOENT: no such file or directory, stat 'G:\mywork\shop\weixin\node_modules\abbrev'
23 error enoent This is most likely not a problem with npm itself
23 error enoent and is related to npm not being able to find a file.
24 verbose exit [ -4058, true ]
